<?xml version="1.0" encoding="UTF-8"?>
<!-- Generated by org.testng.reporters.JUnitReportReporter -->
<testsuite skipped="0" hostname="Aditya" name="testngproject.GoogleLaunchTest" tests="5" failures="0" timestamp="2019-09-06T00:14:37 IST" time="47.037" errors="0">
  <testcase name="printLogoName" time="7.225" classname="testngproject.GoogleLaunchTest"/>
  <testcase name="verifyTitle" time="7.109" classname="testngproject.GoogleLaunchTest"/>
  <testcase name="clickgmaillink" time="11.562" classname="testngproject.GoogleLaunchTest"/>
  <testcase name="entertextinsearch" time="10.715" classname="testngproject.GoogleLaunchTest"/>
  <testcase name="verifyLogo" time="10.426" classname="testngproject.GoogleLaunchTest"/>
</testsuite> <!-- testngproject.GoogleLaunchTest -->
