<?xml version="1.0" encoding="UTF-8"?>
<!-- Generated by org.testng.reporters.JUnitReportReporter -->
<testsuite skipped="0" hostname="Aditya" name="testngproject.TestAssertion" tests="2" failures="0" timestamp="2019-09-06T00:14:37 IST" time="14.109" errors="0">
  <testcase name="verifyLogo" time="7.136" classname="testngproject.TestAssertion"/>
  <testcase name="validateTitle" time="6.973" classname="testngproject.TestAssertion"/>
</testsuite> <!-- testngproject.TestAssertion -->
