<?xml version="1.0" encoding="UTF-8"?>
<!-- Generated by org.testng.reporters.JUnitReportReporter -->
<testsuite skipped="0" hostname="Aditya" name="testngproject.TestNgAnnotationDisplay" tests="4" failures="0" timestamp="2019-09-06T00:14:37 IST" time="0.010" errors="0">
  <testcase name="display_images" time="0.002" classname="testngproject.TestNgAnnotationDisplay"/>
  <testcase name="display_buttons" time="0.004" classname="testngproject.TestNgAnnotationDisplay"/>
  <testcase name="display_title" time="0.003" classname="testngproject.TestNgAnnotationDisplay"/>
  <testcase name="display_links" time="0.001" classname="testngproject.TestNgAnnotationDisplay"/>
</testsuite> <!-- testngproject.TestNgAnnotationDisplay -->
